2021-10-14 10:14:18.238  INFO 14796 --- [main] tn.esprit.spring.TMission                : Starting TMission on DESKTOP-5Q1CTQL with PID 14796 (started by khalil in C:\Users\khalil\Downloads\Timesheet-spring-boot-core-data-jpa-mvc-REST-1)
2021-10-14 10:14:18.248  INFO 14796 --- [main] tn.esprit.spring.TMission                : No active profile set, falling back to default profiles: default
2021-10-14 10:14:19.041  INFO 14796 --- [main] .s.d.r.c.RepositoryConfigurationDelegate : Bootstrapping Spring Data repositories in DEFAULT mode.
2021-10-14 10:14:19.158  INFO 14796 --- [main] .s.d.r.c.RepositoryConfigurationDelegate : Finished Spring Data repository scanning in 104ms. Found 6 repository interfaces.
2021-10-14 10:14:19.588  INFO 14796 --- [main] trationDelegate$BeanPostProcessorChecker : Bean 'org.springframework.transaction.annotation.ProxyTransactionManagementConfiguration' of type [org.springframework.transaction.annotation.ProxyTransactionManagementConfiguration$$EnhancerBySpringCGLIB$$1977f55d] is not eligible for getting processed by all BeanPostProcessors (for example: not eligible for auto-proxying)
2021-10-14 10:14:19.840  INFO 14796 --- [main] com.zaxxer.hikari.HikariDataSource       : HikariPool-1 - Starting...
2021-10-14 10:14:20.021  INFO 14796 --- [main] com.zaxxer.hikari.HikariDataSource       : HikariPool-1 - Start completed.
2021-10-14 10:14:20.120  INFO 14796 --- [main] o.hibernate.jpa.internal.util.LogHelper  : HHH000204: Processing PersistenceUnitInfo [
	name: default
	...]
2021-10-14 10:14:20.308  INFO 14796 --- [main] org.hibernate.Version                    : HHH000412: Hibernate Core {5.3.9.Final}
2021-10-14 10:14:20.312  INFO 14796 --- [main] org.hibernate.cfg.Environment            : HHH000206: hibernate.properties not found
2021-10-14 10:14:20.534  INFO 14796 --- [main] o.hibernate.annotations.common.Version   : HCANN000001: Hibernate Commons Annotations {5.0.4.Final}
2021-10-14 10:14:20.896  INFO 14796 --- [main] org.hibernate.dialect.Dialect            : HHH000400: Using dialect: org.hibernate.dialect.MySQL5Dialect
2021-10-14 10:14:22.063  INFO 14796 --- [main] j.LocalContainerEntityManagerFactoryBean : Initialized JPA EntityManagerFactory for persistence unit 'default'
2021-10-14 10:14:22.442  INFO 14796 --- [main] o.h.h.i.QueryTranslatorFactoryInitiator  : HHH000397: Using ASTQueryTranslatorFactory
2021-10-14 10:14:23.539  INFO 14796 --- [main] o.s.s.concurrent.ThreadPoolTaskExecutor  : Initializing ExecutorService 'applicationTaskExecutor'
2021-10-14 10:14:23.606  WARN 14796 --- [main] aWebConfiguration$JpaWebMvcConfiguration : spring.jpa.open-in-view is enabled by default. Therefore, database queries may be performed during view rendering. Explicitly configure spring.jpa.open-in-view to disable this warning
2021-10-14 10:14:24.100  INFO 14796 --- [main] tn.esprit.spring.TMission                : Started TMission in 6.192 seconds (JVM running for 7.397)
2021-10-14 10:14:24.290  INFO 14796 --- [main] tn.esprit.spring.TMission                : Mission: mission1
2021-10-14 10:14:24.412  INFO 14796 --- [main] tn.esprit.spring.TMission                : idMission: 8
2021-10-14 10:14:24.449  INFO 14796 --- [main] tn.esprit.spring.TMission                : Taille: 1
2021-10-14 10:14:24.463  INFO 14796 --- [main] tn.esprit.spring.TMission                : Mission_description: missionmodidifer_test
2021-10-14 10:14:24.500  INFO 14796 --- [Thread-2] o.s.s.concurrent.ThreadPoolTaskExecutor  : Shutting down ExecutorService 'applicationTaskExecutor'
2021-10-14 10:14:24.505  INFO 14796 --- [Thread-2] j.LocalContainerEntityManagerFactoryBean : Closing JPA EntityManagerFactory for persistence unit 'default'
2021-10-14 10:14:24.508  INFO 14796 --- [Thread-2] com.zaxxer.hikari.HikariDataSource       : HikariPool-1 - Shutdown initiated...
2021-10-14 10:14:24.512  INFO 14796 --- [Thread-2] com.zaxxer.hikari.HikariDataSource       : HikariPool-1 - Shutdown completed.
2021-10-14 10:20:41.114  INFO 15092 --- [main] tn.esprit.spring.TMission                : Starting TMission on DESKTOP-5Q1CTQL with PID 15092 (started by khalil in C:\Users\khalil\Downloads\Timesheet-spring-boot-core-data-jpa-mvc-REST-1)
2021-10-14 10:20:41.115  INFO 15092 --- [main] tn.esprit.spring.TMission                : No active profile set, falling back to default profiles: default
2021-10-14 10:20:41.937  INFO 15092 --- [main] .s.d.r.c.RepositoryConfigurationDelegate : Bootstrapping Spring Data repositories in DEFAULT mode.
2021-10-14 10:20:42.041  INFO 15092 --- [main] .s.d.r.c.RepositoryConfigurationDelegate : Finished Spring Data repository scanning in 95ms. Found 6 repository interfaces.
2021-10-14 10:20:42.463  INFO 15092 --- [main] trationDelegate$BeanPostProcessorChecker : Bean 'org.springframework.transaction.annotation.ProxyTransactionManagementConfiguration' of type [org.springframework.transaction.annotation.ProxyTransactionManagementConfiguration$$EnhancerBySpringCGLIB$$70cc5e82] is not eligible for getting processed by all BeanPostProcessors (for example: not eligible for auto-proxying)
2021-10-14 10:20:42.686  INFO 15092 --- [main] com.zaxxer.hikari.HikariDataSource       : HikariPool-1 - Starting...
2021-10-14 10:20:42.822  INFO 15092 --- [main] com.zaxxer.hikari.HikariDataSource       : HikariPool-1 - Start completed.
2021-10-14 10:20:42.929  INFO 15092 --- [main] o.hibernate.jpa.internal.util.LogHelper  : HHH000204: Processing PersistenceUnitInfo [
	name: default
	...]
2021-10-14 10:20:43.004  INFO 15092 --- [main] org.hibernate.Version                    : HHH000412: Hibernate Core {5.3.9.Final}
2021-10-14 10:20:43.008  INFO 15092 --- [main] org.hibernate.cfg.Environment            : HHH000206: hibernate.properties not found
2021-10-14 10:20:43.132  INFO 15092 --- [main] o.hibernate.annotations.common.Version   : HCANN000001: Hibernate Commons Annotations {5.0.4.Final}
2021-10-14 10:20:43.439  INFO 15092 --- [main] org.hibernate.dialect.Dialect            : HHH000400: Using dialect: org.hibernate.dialect.MySQL5Dialect
2021-10-14 10:20:44.362  INFO 15092 --- [main] j.LocalContainerEntityManagerFactoryBean : Initialized JPA EntityManagerFactory for persistence unit 'default'
2021-10-14 10:20:44.703  INFO 15092 --- [main] o.h.h.i.QueryTranslatorFactoryInitiator  : HHH000397: Using ASTQueryTranslatorFactory
2021-10-14 10:20:45.793  INFO 15092 --- [main] o.s.s.concurrent.ThreadPoolTaskExecutor  : Initializing ExecutorService 'applicationTaskExecutor'
2021-10-14 10:20:45.852  WARN 15092 --- [main] aWebConfiguration$JpaWebMvcConfiguration : spring.jpa.open-in-view is enabled by default. Therefore, database queries may be performed during view rendering. Explicitly configure spring.jpa.open-in-view to disable this warning
2021-10-14 10:20:46.429  INFO 15092 --- [main] tn.esprit.spring.TMission                : Started TMission in 5.625 seconds (JVM running for 6.451)
2021-10-14 10:20:46.581  INFO 15092 --- [main] tn.esprit.spring.TMission                : Mission: mission1
2021-10-14 10:20:46.686  INFO 15092 --- [main] tn.esprit.spring.TMission                : idMission: 12
2021-10-14 10:20:46.741  INFO 15092 --- [main] tn.esprit.spring.TMission                : Mission_description: missionmodidifer_test
2021-10-14 10:20:46.772  INFO 15092 --- [Thread-2] o.s.s.concurrent.ThreadPoolTaskExecutor  : Shutting down ExecutorService 'applicationTaskExecutor'
2021-10-14 10:20:46.776  INFO 15092 --- [Thread-2] j.LocalContainerEntityManagerFactoryBean : Closing JPA EntityManagerFactory for persistence unit 'default'
2021-10-14 10:20:46.778  INFO 15092 --- [Thread-2] com.zaxxer.hikari.HikariDataSource       : HikariPool-1 - Shutdown initiated...
2021-10-14 10:20:46.782  INFO 15092 --- [Thread-2] com.zaxxer.hikari.HikariDataSource       : HikariPool-1 - Shutdown completed.
2021-10-14 10:25:04.419  INFO 2016 --- [main] tn.esprit.spring.TMission                : Starting TMission on DESKTOP-5Q1CTQL with PID 2016 (started by khalil in C:\Users\khalil\Downloads\Timesheet-spring-boot-core-data-jpa-mvc-REST-1)
2021-10-14 10:25:04.421  INFO 2016 --- [main] tn.esprit.spring.TMission                : No active profile set, falling back to default profiles: default
2021-10-14 10:25:05.125  INFO 2016 --- [main] .s.d.r.c.RepositoryConfigurationDelegate : Bootstrapping Spring Data repositories in DEFAULT mode.
2021-10-14 10:25:05.255  INFO 2016 --- [main] .s.d.r.c.RepositoryConfigurationDelegate : Finished Spring Data repository scanning in 109ms. Found 6 repository interfaces.
2021-10-14 10:25:05.620  INFO 2016 --- [main] trationDelegate$BeanPostProcessorChecker : Bean 'org.springframework.transaction.annotation.ProxyTransactionManagementConfiguration' of type [org.springframework.transaction.annotation.ProxyTransactionManagementConfiguration$$EnhancerBySpringCGLIB$$296415c3] is not eligible for getting processed by all BeanPostProcessors (for example: not eligible for auto-proxying)
2021-10-14 10:25:05.822  INFO 2016 --- [main] com.zaxxer.hikari.HikariDataSource       : HikariPool-1 - Starting...
2021-10-14 10:25:05.958  INFO 2016 --- [main] com.zaxxer.hikari.HikariDataSource       : HikariPool-1 - Start completed.
2021-10-14 10:25:06.026  INFO 2016 --- [main] o.hibernate.jpa.internal.util.LogHelper  : HHH000204: Processing PersistenceUnitInfo [
	name: default
	...]
2021-10-14 10:25:06.156  INFO 2016 --- [main] org.hibernate.Version                    : HHH000412: Hibernate Core {5.3.9.Final}
2021-10-14 10:25:06.158  INFO 2016 --- [main] org.hibernate.cfg.Environment            : HHH000206: hibernate.properties not found
2021-10-14 10:25:06.289  INFO 2016 --- [main] o.hibernate.annotations.common.Version   : HCANN000001: Hibernate Commons Annotations {5.0.4.Final}
2021-10-14 10:25:06.586  INFO 2016 --- [main] org.hibernate.dialect.Dialect            : HHH000400: Using dialect: org.hibernate.dialect.MySQL5Dialect
2021-10-14 10:25:07.458  INFO 2016 --- [main] j.LocalContainerEntityManagerFactoryBean : Initialized JPA EntityManagerFactory for persistence unit 'default'
2021-10-14 10:25:07.781  INFO 2016 --- [main] o.h.h.i.QueryTranslatorFactoryInitiator  : HHH000397: Using ASTQueryTranslatorFactory
2021-10-14 10:25:08.786  INFO 2016 --- [main] o.s.s.concurrent.ThreadPoolTaskExecutor  : Initializing ExecutorService 'applicationTaskExecutor'
2021-10-14 10:25:08.833  WARN 2016 --- [main] aWebConfiguration$JpaWebMvcConfiguration : spring.jpa.open-in-view is enabled by default. Therefore, database queries may be performed during view rendering. Explicitly configure spring.jpa.open-in-view to disable this warning
2021-10-14 10:25:09.393  INFO 2016 --- [main] tn.esprit.spring.TMission                : Started TMission in 5.256 seconds (JVM running for 6.016)
2021-10-14 10:25:09.544  INFO 2016 --- [main] tn.esprit.spring.TMission                : Mission: mission1
2021-10-14 10:25:09.621  INFO 2016 --- [main] tn.esprit.spring.TMission                : idMission: 16
2021-10-14 10:25:09.641  INFO 2016 --- [main] tn.esprit.spring.TMission                : Taille: 0
2021-10-14 10:25:09.655  INFO 2016 --- [main] tn.esprit.spring.TMission                : Mission_description: missionmodidifer_test
2021-10-14 10:25:09.688  INFO 2016 --- [Thread-2] o.s.s.concurrent.ThreadPoolTaskExecutor  : Shutting down ExecutorService 'applicationTaskExecutor'
2021-10-14 10:25:09.692  INFO 2016 --- [Thread-2] j.LocalContainerEntityManagerFactoryBean : Closing JPA EntityManagerFactory for persistence unit 'default'
2021-10-14 10:25:09.694  INFO 2016 --- [Thread-2] com.zaxxer.hikari.HikariDataSource       : HikariPool-1 - Shutdown initiated...
2021-10-14 10:25:09.699  INFO 2016 --- [Thread-2] com.zaxxer.hikari.HikariDataSource       : HikariPool-1 - Shutdown completed.
